<?xml version="1.0" encoding="UTF-8"?>
<testng-results ignored="0" total="2" passed="0" failed="2" skipped="0">
  <reporter-output>
  </reporter-output>
  <suite started-at="2020-08-04T15:29:36 MESZ" name="Default suite" finished-at="2020-08-04T15:30:08 MESZ" duration-ms="32385">
    <groups>
    </groups>
    <test started-at="2020-08-04T15:29:36 MESZ" name="Default test" finished-at="2020-08-04T15:30:08 MESZ" duration-ms="32385">
      <class name="de.alain.TestNGParallel.TestParallelClassOne">
        <test-method is-config="true" signature="beforeMethod()[pri:0, instance:de.alain.TestNGParallel.TestParallelClassOne@bae7dc0]" started-at="2020-08-04T15:29:36 MESZ" name="beforeMethod" finished-at="2020-08-04T15:29:41 MESZ" duration-ms="4481" status="PASS">
          <reporter-output>
          </reporter-output>
        </test-method> <!-- beforeMethod -->
        <test-method signature="test_1(java.lang.String)[pri:0, instance:de.alain.TestNGParallel.TestParallelClassOne@bae7dc0]" started-at="2020-08-04T15:29:41 MESZ" name="test_1" data-provider="data-provider" finished-at="2020-08-04T15:29:58 MESZ" duration-ms="17778" status="FAIL">
          <params>
            <param index="0">
              <value>
                <![CDATA[Testautomatisierer]]>
              </value>
            </param>
          </params>
          <exception class="java.io.FileNotFoundException">
            <message>
              <![CDATA[File does not exist: c:\tmp\Testautomatisierer_2.png]]>
            </message>
            <full-stacktrace>
              <![CDATA[java.io.FileNotFoundException: File does not exist: c:\tmp\Testautomatisierer_2.png
at org.apache.commons.io.FileUtils.forceDelete(FileUtils.java:2396)
at de.alain.Scrennshot.ScreenshotProjekt.CheckFileExist(ScreenshotProjekt.java:41)
at de.alain.Scrennshot.ScreenshotProjekt.ScreenshotExecute(ScreenshotProjekt.java:25)
at de.alain.ProjektmaskeNavigationUndProjektmerkmaleHolen.ProjektMaskeNavigationUndProjektMerkmaleHolen.projektClick(ProjektMaskeNavigationUndProjektMerkmaleHolen.java:136)
at de.alain.ProjektmaskeNavigationUndProjektmerkmaleHolen.ProjektMaskeNavigationUndProjektMerkmaleHolen.ProjektmaskeAnklickeUndMaskeInformationenAssortieren(ProjektMaskeNavigationUndProjektMerkmaleHolen.java:53)
at de.alain.TestNGParallel.TestParallelClassOne.test_1(TestParallelClassOne.java:119)
at java.base/jdk.internal.reflect.NativeMethodAccessorImpl.invoke0(Native Method)
at java.base/jdk.internal.reflect.NativeMethodAccessorImpl.invoke(NativeMethodAccessorImpl.java:62)
at java.base/jdk.internal.reflect.DelegatingMethodAccessorImpl.invoke(DelegatingMethodAccessorImpl.java:43)
at java.base/java.lang.reflect.Method.invoke(Method.java:566)
at org.testng.internal.MethodInvocationHelper.invokeMethod(MethodInvocationHelper.java:135)
at org.testng.internal.TestInvoker.invokeMethod(TestInvoker.java:598)
at org.testng.internal.TestInvoker.invokeTestMethod(TestInvoker.java:174)
at org.testng.internal.MethodRunner.runInSequence(MethodRunner.java:46)
at org.testng.internal.TestInvoker$MethodInvocationAgent.invoke(TestInvoker.java:821)
at org.testng.internal.TestInvoker.invokeTestMethods(TestInvoker.java:147)
at org.testng.internal.TestMethodWorker.invokeTestMethods(TestMethodWorker.java:146)
at org.testng.internal.TestMethodWorker.run(TestMethodWorker.java:128)
at java.base/java.util.ArrayList.forEach(ArrayList.java:1540)
at org.testng.TestRunner.privateRun(TestRunner.java:767)
at org.testng.TestRunner.run(TestRunner.java:588)
at org.testng.SuiteRunner.runTest(SuiteRunner.java:384)
at org.testng.SuiteRunner.runSequentially(SuiteRunner.java:378)
at org.testng.SuiteRunner.privateRun(SuiteRunner.java:337)
at org.testng.SuiteRunner.run(SuiteRunner.java:286)
at org.testng.SuiteRunnerWorker.runSuite(SuiteRunnerWorker.java:53)
at org.testng.SuiteRunnerWorker.run(SuiteRunnerWorker.java:96)
at org.testng.TestNG.runSuitesSequentially(TestNG.java:1214)
at org.testng.TestNG.runSuitesLocally(TestNG.java:1136)
at org.testng.TestNG.runSuites(TestNG.java:1066)
at org.testng.TestNG.run(TestNG.java:1034)
at org.testng.remote.AbstractRemoteTestNG.run(AbstractRemoteTestNG.java:115)
at org.testng.remote.RemoteTestNG.initAndRun(RemoteTestNG.java:251)
at org.testng.remote.RemoteTestNG.main(RemoteTestNG.java:77)
]]>
            </full-stacktrace>
          </exception> <!-- java.io.FileNotFoundException -->
          <reporter-output>
          </reporter-output>
        </test-method> <!-- test_1 -->
        <test-method is-config="true" signature="afterMethod()[pri:0, instance:de.alain.TestNGParallel.TestParallelClassOne@bae7dc0]" started-at="2020-08-04T15:29:58 MESZ" name="afterMethod" finished-at="2020-08-04T15:29:58 MESZ" duration-ms="0" status="PASS">
          <reporter-output>
          </reporter-output>
        </test-method> <!-- afterMethod -->
        <test-method signature="test_1(java.lang.String)[pri:0, instance:de.alain.TestNGParallel.TestParallelClassOne@bae7dc0]" started-at="2020-08-04T15:29:58 MESZ" name="test_1" data-provider="data-provider" finished-at="2020-08-04T15:30:04 MESZ" duration-ms="5860" status="FAIL">
          <params>
            <param index="0">
              <value>
                <![CDATA[Leiter]]>
              </value>
            </param>
          </params>
          <exception class="java.io.FileNotFoundException">
            <message>
              <![CDATA[File does not exist: c:\tmp\Leiter_1.png]]>
            </message>
            <full-stacktrace>
              <![CDATA[java.io.FileNotFoundException: File does not exist: c:\tmp\Leiter_1.png
at org.apache.commons.io.FileUtils.forceDelete(FileUtils.java:2396)
at de.alain.Scrennshot.ScreenshotProjekt.CheckFileExist(ScreenshotProjekt.java:41)
at de.alain.Scrennshot.ScreenshotProjekt.ScreenshotExecute(ScreenshotProjekt.java:25)
at de.alain.ProjektmaskeNavigationUndProjektmerkmaleHolen.ProjektMaskeNavigationUndProjektMerkmaleHolen.projektClick(ProjektMaskeNavigationUndProjektMerkmaleHolen.java:136)
at de.alain.ProjektmaskeNavigationUndProjektmerkmaleHolen.ProjektMaskeNavigationUndProjektMerkmaleHolen.ProjektmaskeAnklickeUndMaskeInformationenAssortieren(ProjektMaskeNavigationUndProjektMerkmaleHolen.java:65)
at de.alain.TestNGParallel.TestParallelClassOne.test_1(TestParallelClassOne.java:119)
at java.base/jdk.internal.reflect.NativeMethodAccessorImpl.invoke0(Native Method)
at java.base/jdk.internal.reflect.NativeMethodAccessorImpl.invoke(NativeMethodAccessorImpl.java:62)
at java.base/jdk.internal.reflect.DelegatingMethodAccessorImpl.invoke(DelegatingMethodAccessorImpl.java:43)
at java.base/java.lang.reflect.Method.invoke(Method.java:566)
at org.testng.internal.MethodInvocationHelper.invokeMethod(MethodInvocationHelper.java:135)
at org.testng.internal.TestInvoker.invokeMethod(TestInvoker.java:598)
at org.testng.internal.TestInvoker.invokeTestMethod(TestInvoker.java:174)
at org.testng.internal.MethodRunner.runInSequence(MethodRunner.java:46)
at org.testng.internal.TestInvoker$MethodInvocationAgent.invoke(TestInvoker.java:821)
at org.testng.internal.TestInvoker.invokeTestMethods(TestInvoker.java:147)
at org.testng.internal.TestMethodWorker.invokeTestMethods(TestMethodWorker.java:146)
at org.testng.internal.TestMethodWorker.run(TestMethodWorker.java:128)
at java.base/java.util.ArrayList.forEach(ArrayList.java:1540)
at org.testng.TestRunner.privateRun(TestRunner.java:767)
at org.testng.TestRunner.run(TestRunner.java:588)
at org.testng.SuiteRunner.runTest(SuiteRunner.java:384)
at org.testng.SuiteRunner.runSequentially(SuiteRunner.java:378)
at org.testng.SuiteRunner.privateRun(SuiteRunner.java:337)
at org.testng.SuiteRunner.run(SuiteRunner.java:286)
at org.testng.SuiteRunnerWorker.runSuite(SuiteRunnerWorker.java:53)
at org.testng.SuiteRunnerWorker.run(SuiteRunnerWorker.java:96)
at org.testng.TestNG.runSuitesSequentially(TestNG.java:1214)
at org.testng.TestNG.runSuitesLocally(TestNG.java:1136)
at org.testng.TestNG.runSuites(TestNG.java:1066)
at org.testng.TestNG.run(TestNG.java:1034)
at org.testng.remote.AbstractRemoteTestNG.run(AbstractRemoteTestNG.java:115)
at org.testng.remote.RemoteTestNG.initAndRun(RemoteTestNG.java:251)
at org.testng.remote.RemoteTestNG.main(RemoteTestNG.java:77)
]]>
            </full-stacktrace>
          </exception> <!-- java.io.FileNotFoundException -->
          <reporter-output>
          </reporter-output>
        </test-method> <!-- test_1 -->
        <test-method is-config="true" signature="beforeMethod()[pri:0, instance:de.alain.TestNGParallel.TestParallelClassOne@bae7dc0]" started-at="2020-08-04T15:29:58 MESZ" name="beforeMethod" finished-at="2020-08-04T15:29:58 MESZ" duration-ms="0" status="PASS">
          <reporter-output>
          </reporter-output>
        </test-method> <!-- beforeMethod -->
        <test-method is-config="true" signature="afterMethod()[pri:0, instance:de.alain.TestNGParallel.TestParallelClassOne@bae7dc0]" started-at="2020-08-04T15:30:04 MESZ" name="afterMethod" finished-at="2020-08-04T15:30:08 MESZ" duration-ms="4031" status="PASS">
          <reporter-output>
          </reporter-output>
        </test-method> <!-- afterMethod -->
      </class> <!-- de.alain.TestNGParallel.TestParallelClassOne -->
    </test> <!-- Default test -->
  </suite> <!-- Default suite -->
</testng-results>
